Classic Timing Analyzer report for half_adder
Mon Oct 07 01:06:55 2019
Quartus II Version 9.0 Build 132 02/25/2009 SJ Full Version


---------------------
; Table of Contents ;
---------------------
  1. Legal Notice
  2. Timing Analyzer Summary
  3. Timing Analyzer Settings
  4. Parallel Compilation
  5. tpd
  6. Timing Analyzer Messages



----------------
; Legal Notice ;
----------------
Copyright (C) 1991-2009 Altera Corporation
Your use of Altera Corporation's design tools, logic functions 
and other software and tools, and its AMPP partner logic 
functions, and any output files from any of the foregoing 
(including device programming or simulation files), and any 
associated documentation or information are expressly subject 
to the terms and conditions of the Altera Program License 
Subscription Agreement, Altera MegaCore Function License 
Agreement, or other applicable license agreement, including, 
without limitation, that your use is for the sole purpose of 
programming logic devices manufactured by Altera and sold by 
Altera or its authorized distributors.  Please refer to the 
applicable agreement for further details.



+----------------------------------------------------------------------------------------------------------------------------+
; Timing Analyzer Summary                                                                                                    ;
+------------------------------+-------+---------------+-------------+---------+------+------------+----------+--------------+
; Type                         ; Slack ; Required Time ; Actual Time ; From    ; To   ; From Clock ; To Clock ; Failed Paths ;
+------------------------------+-------+---------------+-------------+---------+------+------------+----------+--------------+
; Worst-case tpd               ; N/A   ; None          ; 11.787 ns   ; inputa2 ; cout ; --         ; --       ; 0            ;
; Total number of failed paths ;       ;               ;             ;         ;      ;            ;          ; 0            ;
+------------------------------+-------+---------------+-------------+---------+------+------------+----------+--------------+


+--------------------------------------------------------------------------------------------------------------------+
; Timing Analyzer Settings                                                                                           ;
+---------------------------------------------------------------------+--------------------+------+----+-------------+
; Option                                                              ; Setting            ; From ; To ; Entity Name ;
+---------------------------------------------------------------------+--------------------+------+----+-------------+
; Device Name                                                         ; EP2S30F484C3       ;      ;    ;             ;
; Timing Models                                                       ; Final              ;      ;    ;             ;
; Default hold multicycle                                             ; Same as Multicycle ;      ;    ;             ;
; Cut paths between unrelated clock domains                           ; On                 ;      ;    ;             ;
; Cut off read during write signal paths                              ; On                 ;      ;    ;             ;
; Cut off feedback from I/O pins                                      ; On                 ;      ;    ;             ;
; Report Combined Fast/Slow Timing                                    ; Off                ;      ;    ;             ;
; Ignore Clock Settings                                               ; Off                ;      ;    ;             ;
; Analyze latches as synchronous elements                             ; On                 ;      ;    ;             ;
; Enable Recovery/Removal analysis                                    ; Off                ;      ;    ;             ;
; Enable Clock Latency                                                ; Off                ;      ;    ;             ;
; Use TimeQuest Timing Analyzer                                       ; Off                ;      ;    ;             ;
; Minimum Core Junction Temperature                                   ; 0                  ;      ;    ;             ;
; Maximum Core Junction Temperature                                   ; 85                 ;      ;    ;             ;
; Number of source nodes to report per destination node               ; 10                 ;      ;    ;             ;
; Number of destination nodes to report                               ; 10                 ;      ;    ;             ;
; Number of paths to report                                           ; 200                ;      ;    ;             ;
; Report Minimum Timing Checks                                        ; Off                ;      ;    ;             ;
; Use Fast Timing Models                                              ; Off                ;      ;    ;             ;
; Report IO Paths Separately                                          ; Off                ;      ;    ;             ;
; Perform Multicorner Analysis                                        ; On                 ;      ;    ;             ;
; Reports the worst-case path for each clock domain and analysis      ; Off                ;      ;    ;             ;
; Removes common clock path pessimism (CCPP) during slack computation ; Off                ;      ;    ;             ;
; Output I/O Timing Endpoint                                          ; Near End           ;      ;    ;             ;
+---------------------------------------------------------------------+--------------------+------+----+-------------+


+------------------------------------------+
; Parallel Compilation                     ;
+----------------------------+-------------+
; Processors                 ; Number      ;
+----------------------------+-------------+
; Number detected on machine ; 4           ;
; Maximum allowed            ; 4           ;
;                            ;             ;
; Average used               ; 1.00        ;
; Maximum used               ; 1           ;
;                            ;             ;
; Usage by Processor         ; % Time Used ;
;     1 processor            ; 100.0%      ;
;     2-4 processors         ;   0.0%      ;
+----------------------------+-------------+


+--------------------------------------------------------------+
; tpd                                                          ;
+-------+-------------------+-----------------+---------+------+
; Slack ; Required P2P Time ; Actual P2P Time ; From    ; To   ;
+-------+-------------------+-----------------+---------+------+
; N/A   ; None              ; 11.787 ns       ; inputa2 ; cout ;
; N/A   ; None              ; 11.749 ns       ; inputa1 ; cout ;
; N/A   ; None              ; 11.206 ns       ; inputa2 ; q2   ;
; N/A   ; None              ; 11.168 ns       ; inputa1 ; q2   ;
; N/A   ; None              ; 11.104 ns       ; inputb4 ; cout ;
; N/A   ; None              ; 11.102 ns       ; cin_f   ; cout ;
; N/A   ; None              ; 10.887 ns       ; inputa2 ; q4   ;
; N/A   ; None              ; 10.880 ns       ; inputb2 ; cout ;
; N/A   ; None              ; 10.869 ns       ; inputb1 ; cout ;
; N/A   ; None              ; 10.849 ns       ; inputa1 ; q4   ;
; N/A   ; None              ; 10.730 ns       ; inputa3 ; cout ;
; N/A   ; None              ; 10.691 ns       ; inputa2 ; q3   ;
; N/A   ; None              ; 10.653 ns       ; inputa1 ; q3   ;
; N/A   ; None              ; 10.487 ns       ; cin_f   ; q2   ;
; N/A   ; None              ; 10.429 ns       ; inputa4 ; cout ;
; N/A   ; None              ; 10.338 ns       ; inputb2 ; q2   ;
; N/A   ; None              ; 10.315 ns       ; inputb3 ; cout ;
; N/A   ; None              ; 10.287 ns       ; inputb1 ; q2   ;
; N/A   ; None              ; 10.202 ns       ; cin_f   ; q4   ;
; N/A   ; None              ; 10.202 ns       ; inputb4 ; q4   ;
; N/A   ; None              ; 10.006 ns       ; cin_f   ; q3   ;
; N/A   ; None              ; 9.980 ns        ; inputb2 ; q4   ;
; N/A   ; None              ; 9.969 ns        ; inputb1 ; q4   ;
; N/A   ; None              ; 9.830 ns        ; inputa3 ; q4   ;
; N/A   ; None              ; 9.784 ns        ; inputb2 ; q3   ;
; N/A   ; None              ; 9.773 ns        ; inputb1 ; q3   ;
; N/A   ; None              ; 9.634 ns        ; inputa3 ; q3   ;
; N/A   ; None              ; 9.606 ns        ; inputb3 ; q4   ;
; N/A   ; None              ; 9.528 ns        ; inputa4 ; q4   ;
; N/A   ; None              ; 9.168 ns        ; inputa1 ; q1   ;
; N/A   ; None              ; 9.012 ns        ; inputb3 ; q3   ;
; N/A   ; None              ; 8.713 ns        ; cin_f   ; q1   ;
; N/A   ; None              ; 8.480 ns        ; inputb1 ; q1   ;
+-------+-------------------+-----------------+---------+------+


+--------------------------+
; Timing Analyzer Messages ;
+--------------------------+
Info: *******************************************************************
Info: Running Quartus II Classic Timing Analyzer
    Info: Version 9.0 Build 132 02/25/2009 SJ Full Version
    Info: Processing started: Mon Oct 07 01:06:55 2019
Info: Command: quartus_tan --read_settings_files=off --write_settings_files=off half_adder -c half_adder --timing_analysis_only
Info: Parallel compilation is enabled and will use 4 of the 4 processors detected
Info: Longest tpd from source pin "inputa2" to destination pin "cout" is 11.787 ns
    Info: 1: + IC(0.000 ns) + CELL(0.844 ns) = 0.844 ns; Loc. = PIN_N19; Fanout = 2; PIN Node = 'inputa2'
    Info: 2: + IC(4.847 ns) + CELL(0.346 ns) = 6.037 ns; Loc. = LCCOMB_X26_Y12_N0; Fanout = 3; COMB Node = 'full_adder:fa2|cout~1'
    Info: 3: + IC(0.253 ns) + CELL(0.346 ns) = 6.636 ns; Loc. = LCCOMB_X26_Y12_N6; Fanout = 1; COMB Node = 'full_adder:fa4|cout~1'
    Info: 4: + IC(3.179 ns) + CELL(1.972 ns) = 11.787 ns; Loc. = PIN_C19; Fanout = 0; PIN Node = 'cout'
    Info: Total cell delay = 3.508 ns ( 29.76 % )
    Info: Total interconnect delay = 8.279 ns ( 70.24 % )
Info: Quartus II Classic Timing Analyzer was successful. 0 errors, 0 warnings
    Info: Peak virtual memory: 190 megabytes
    Info: Processing ended: Mon Oct 07 01:06:55 2019
    Info: Elapsed time: 00:00:00
    Info: Total CPU time (on all processors): 00:00:00


